2023-01-04 22:09:16,874 [Worker-4: Loading available Gradle versions] INFO  o.e.b.c.i.u.g.PublishedGradleVersions - Gradle version information cache is up-to-date. Trying to read.
2023-01-04 22:23:07,029 [Worker-11: Import Getting Started Content] INFO  o.e.m.c.i.l.LifecycleMappingFactory - Using org.eclipse.m2e.jdt.JarLifecycleMapping lifecycle mapping for MavenProject: com.example:demo-1:0.0.1-SNAPSHOT @ D:\Spring\Self_project4\Backend_fadtare\demo-1\pom.xml.
2023-01-04 22:23:15,995 [Worker-11: Import Getting Started Content] INFO  o.e.m.j.i.AbstractJavaProjectConfigurator - Adding source folder /demo-1/src/main/java
2023-01-04 22:23:15,996 [Worker-11: Import Getting Started Content] INFO  o.e.m.j.i.AbstractJavaProjectConfigurator - Adding resource folder /demo-1/src/main/resources
2023-01-04 22:23:16,008 [Worker-11: Import Getting Started Content] INFO  o.e.m.j.i.AbstractJavaProjectConfigurator - Adding resource folder /demo-1/src/main/resources
2023-01-04 22:23:16,018 [Worker-11: Import Getting Started Content] INFO  o.e.m.j.i.AbstractJavaProjectConfigurator - Adding source folder /demo-1/src/test/java
2023-01-04 22:23:22,352 [Worker-11: Import Getting Started Content] INFO  o.e.m.c.i.p.ProjectConfigurationManager - Imported and configured 1 project(s) in 23 sec
2023-01-04 22:23:22,361 [Worker-11: Import Getting Started Content] INFO  o.e.m.c.i.p.ProjectConfigurationManager - Update started
2023-01-04 22:23:23,315 [Worker-11: Import Getting Started Content] INFO  o.e.m.c.i.l.LifecycleMappingFactory - Using org.eclipse.m2e.jdt.JarLifecycleMapping lifecycle mapping for MavenProject: com.example:demo-1:0.0.1-SNAPSHOT @ D:\Spring\Self_project4\Backend_fadtare\demo-1\pom.xml.
2023-01-04 22:23:26,598 [Worker-11: Import Getting Started Content] INFO  o.e.m.j.i.AbstractJavaProjectConfigurator - Adding source folder /demo-1/src/main/java
2023-01-04 22:23:26,603 [Worker-11: Import Getting Started Content] INFO  o.e.m.j.i.AbstractJavaProjectConfigurator - Adding resource folder /demo-1/src/main/resources
2023-01-04 22:23:26,604 [Worker-11: Import Getting Started Content] INFO  o.e.m.j.i.AbstractJavaProjectConfigurator - Adding resource folder /demo-1/src/main/resources
2023-01-04 22:23:26,609 [Worker-11: Import Getting Started Content] INFO  o.e.m.j.i.AbstractJavaProjectConfigurator - Adding source folder /demo-1/src/test/java
2023-01-04 22:23:28,024 [Worker-11: Import Getting Started Content] INFO  o.e.m.c.i.p.ProjectConfigurationManager - Update completed for 1 poms: local refresh takes 0.00 sec, refresh facades takes 4.00 sec, update config takes 1.00 sec 
2023-01-04 22:25:57,827 [Worker-15: Updating Maven Project] INFO  o.e.m.c.i.p.ProjectConfigurationManager - Update started
2023-01-04 22:25:58,189 [Worker-15: Updating Maven Project] INFO  o.e.m.c.i.l.LifecycleMappingFactory - Using org.eclipse.m2e.jdt.JarLifecycleMapping lifecycle mapping for MavenProject: com.example:demo-1:0.0.1-SNAPSHOT @ D:\Spring\Self_project4\Backend_fadtare\demo-1\pom.xml.
2023-01-04 22:25:58,896 [Worker-15: Updating Maven Project] INFO  o.e.m.j.i.AbstractJavaProjectConfigurator - Adding source folder /demo-1/src/main/java
2023-01-04 22:25:58,897 [Worker-15: Updating Maven Project] INFO  o.e.m.j.i.AbstractJavaProjectConfigurator - Adding resource folder /demo-1/src/main/resources
2023-01-04 22:25:58,898 [Worker-15: Updating Maven Project] INFO  o.e.m.j.i.AbstractJavaProjectConfigurator - Adding resource folder /demo-1/src/main/resources
2023-01-04 22:25:58,901 [Worker-15: Updating Maven Project] INFO  o.e.m.j.i.AbstractJavaProjectConfigurator - Adding source folder /demo-1/src/test/java
2023-01-04 22:26:00,066 [Worker-15: Updating Maven Project] INFO  o.e.m.c.i.p.ProjectConfigurationManager - Update completed for 1 poms: local refresh takes 0.00 sec, refresh facades takes 1.00 sec, update config takes 0.00 sec 
2023-01-04 22:30:29,595 [Worker-13: Building] INFO  o.e.m.c.i.l.LifecycleMappingFactory - Using org.eclipse.m2e.jdt.JarLifecycleMapping lifecycle mapping for MavenProject: com.example:demo-1:0.0.1-SNAPSHOT @ D:\Spring\Self_project4\Backend_fadtare\demo-1\pom.xml.
2023-01-04 22:30:31,540 [Worker-13: Building] INFO  o.a.m.s.f.DefaultMavenResourcesFiltering - Copying 1 resource
2023-01-04 22:30:31,571 [Worker-13: Building] INFO  o.a.m.s.f.DefaultMavenResourcesFiltering - Copying 0 resource
2023-01-04 22:30:31,577 [Worker-13: Building] INFO  o.a.m.s.f.DefaultMavenResourcesFiltering - skip non existing resourceDirectory D:\Spring\Self_project4\Backend_fadtare\demo-1\src\test\resources
2023-01-04 22:30:33,668 [Worker-21: Building] INFO  o.a.m.s.f.DefaultMavenResourcesFiltering - Copying 1 resource
2023-01-04 22:30:33,673 [Worker-21: Building] INFO  o.a.m.s.f.DefaultMavenResourcesFiltering - Copying 0 resource
2023-01-04 22:30:33,679 [Worker-21: Building] INFO  o.a.m.s.f.DefaultMavenResourcesFiltering - skip non existing resourceDirectory D:\Spring\Self_project4\Backend_fadtare\demo-1\src\test\resources
2023-01-04 22:31:51,482 [Worker-22: Updating Maven Project] INFO  o.e.m.c.i.p.ProjectConfigurationManager - Update started
2023-01-04 22:31:51,904 [Worker-22: Updating Maven Project] INFO  o.e.m.c.i.l.LifecycleMappingFactory - Using org.eclipse.m2e.jdt.JarLifecycleMapping lifecycle mapping for MavenProject: com.example:demo-1:0.0.1-SNAPSHOT @ D:\Spring\Self_project4\Backend_fadtare\demo-1\pom.xml.
2023-01-04 22:31:52,619 [Worker-22: Updating Maven Project] INFO  o.e.m.j.i.AbstractJavaProjectConfigurator - Adding source folder /demo-1/src/main/java
2023-01-04 22:31:52,620 [Worker-22: Updating Maven Project] INFO  o.e.m.j.i.AbstractJavaProjectConfigurator - Adding resource folder /demo-1/src/main/resources
2023-01-04 22:31:52,620 [Worker-22: Updating Maven Project] INFO  o.e.m.j.i.AbstractJavaProjectConfigurator - Adding resource folder /demo-1/src/main/resources
2023-01-04 22:31:52,621 [Worker-22: Updating Maven Project] INFO  o.e.m.j.i.AbstractJavaProjectConfigurator - Adding source folder /demo-1/src/test/java
2023-01-04 22:31:53,166 [Worker-22: Updating Maven Project] INFO  o.e.m.c.i.p.ProjectConfigurationManager - Update completed for 1 poms: local refresh takes 0.00 sec, refresh facades takes 1.00 sec, update config takes 0.00 sec 
2023-01-04 22:32:20,204 [Worker-21: Building] INFO  o.e.m.c.i.l.LifecycleMappingFactory - Using org.eclipse.m2e.jdt.JarLifecycleMapping lifecycle mapping for MavenProject: com.example:demo-1:0.0.1-SNAPSHOT @ D:\Spring\Self_project4\Backend_fadtare\demo-1\pom.xml.
2023-01-04 22:32:21,358 [Worker-21: Building] INFO  o.a.m.s.f.DefaultMavenResourcesFiltering - Copying 1 resource
2023-01-04 22:32:21,385 [Worker-21: Building] INFO  o.a.m.s.f.DefaultMavenResourcesFiltering - Copying 0 resource
2023-01-04 22:32:21,393 [Worker-21: Building] INFO  o.a.m.s.f.DefaultMavenResourcesFiltering - skip non existing resourceDirectory D:\Spring\Self_project4\Backend_fadtare\demo-1\src\test\resources
2023-01-04 22:32:25,185 [Worker-19: Updating Maven Project] INFO  o.e.m.c.i.p.ProjectConfigurationManager - Update started
2023-01-04 22:32:25,929 [Worker-19: Updating Maven Project] INFO  o.e.m.c.i.l.LifecycleMappingFactory - Using org.eclipse.m2e.jdt.JarLifecycleMapping lifecycle mapping for MavenProject: com.example:demo-1:0.0.1-SNAPSHOT @ D:\Spring\Self_project4\Backend_fadtare\demo-1\pom.xml.
2023-01-04 22:32:26,926 [Worker-19: Updating Maven Project] INFO  o.e.m.j.i.AbstractJavaProjectConfigurator - Adding source folder /demo-1/src/main/java
2023-01-04 22:32:26,926 [Worker-19: Updating Maven Project] INFO  o.e.m.j.i.AbstractJavaProjectConfigurator - Adding resource folder /demo-1/src/main/resources
2023-01-04 22:32:26,927 [Worker-19: Updating Maven Project] INFO  o.e.m.j.i.AbstractJavaProjectConfigurator - Adding resource folder /demo-1/src/main/resources
2023-01-04 22:32:26,928 [Worker-19: Updating Maven Project] INFO  o.e.m.j.i.AbstractJavaProjectConfigurator - Adding source folder /demo-1/src/test/java
2023-01-04 22:32:27,872 [Worker-19: Updating Maven Project] INFO  o.e.m.c.i.p.ProjectConfigurationManager - Update completed for 1 poms: local refresh takes 0.00 sec, refresh facades takes 1.00 sec, update config takes 0.00 sec 
2023-01-04 22:32:30,336 [main] INFO  o.e.m2e.actions.ExecutePomAction - Creating new launch configuration
2023-01-04 22:32:40,266 [Worker-22: Launching demo-1] INFO  o.eclipse.m2e.core.internal.Bundles - getClasspathEntries(Bundle=org.eclipse.m2e.maven.runtime_3.8.604.20221130-2149 [345])
2023-01-04 22:32:40,292 [Worker-22: Launching demo-1] INFO  o.eclipse.m2e.core.internal.Bundles - 	Entry: D:\Spring\spring-tool-suite-4-4.17.0.RELEASE-e4.26.0-win32.win32.x86_64.self-extracting\contents\sts-4.17.0.RELEASE\plugins\org.eclipse.m2e.maven.runtime_3.8.604.20221130-2149
2023-01-04 22:32:40,293 [Worker-22: Launching demo-1] INFO  o.eclipse.m2e.core.internal.Bundles - 	Entry: D:\Spring\spring-tool-suite-4-4.17.0.RELEASE-e4.26.0-win32.win32.x86_64.self-extracting\contents\sts-4.17.0.RELEASE\plugins\org.eclipse.m2e.maven.runtime_3.8.604.20221130-2149\jars\aether-connector-okhttp-0.17.8.jar
2023-01-04 22:32:40,293 [Worker-22: Launching demo-1] INFO  o.eclipse.m2e.core.internal.Bundles - 	Entry: D:\Spring\spring-tool-suite-4-4.17.0.RELEASE-e4.26.0-win32.win32.x86_64.self-extracting\contents\sts-4.17.0.RELEASE\plugins\org.eclipse.m2e.maven.runtime_3.8.604.20221130-2149\jars\commons-cli-1.4.jar
2023-01-04 22:32:40,293 [Worker-22: Launching demo-1] INFO  o.eclipse.m2e.core.internal.Bundles - 	Entry: D:\Spring\spring-tool-suite-4-4.17.0.RELEASE-e4.26.0-win32.win32.x86_64.self-extracting\contents\sts-4.17.0.RELEASE\plugins\org.eclipse.m2e.maven.runtime_3.8.604.20221130-2149\jars\commons-io-2.6.jar
2023-01-04 22:32:40,293 [Worker-22: Launching demo-1] INFO  o.eclipse.m2e.core.internal.Bundles - 	Entry: D:\Spring\spring-tool-suite-4-4.17.0.RELEASE-e4.26.0-win32.win32.x86_64.self-extracting\contents\sts-4.17.0.RELEASE\plugins\org.eclipse.m2e.maven.runtime_3.8.604.20221130-2149\jars\commons-lang3-3.8.1.jar
2023-01-04 22:32:40,294 [Worker-22: Launching demo-1] INFO  o.eclipse.m2e.core.internal.Bundles - 	Entry: D:\Spring\spring-tool-suite-4-4.17.0.RELEASE-e4.26.0-win32.win32.x86_64.self-extracting\contents\sts-4.17.0.RELEASE\plugins\org.eclipse.m2e.maven.runtime_3.8.604.20221130-2149\jars\guice-4.2.2-no_aop.jar
2023-01-04 22:32:40,294 [Worker-22: Launching demo-1] INFO  o.eclipse.m2e.core.internal.Bundles - 	Entry: D:\Spring\spring-tool-suite-4-4.17.0.RELEASE-e4.26.0-win32.win32.x86_64.self-extracting\contents\sts-4.17.0.RELEASE\plugins\org.eclipse.m2e.maven.runtime_3.8.604.20221130-2149\jars\jansi-2.4.0.jar
2023-01-04 22:32:40,294 [Worker-22: Launching demo-1] INFO  o.eclipse.m2e.core.internal.Bundles - 	Entry: D:\Spring\spring-tool-suite-4-4.17.0.RELEASE-e4.26.0-win32.win32.x86_64.self-extracting\contents\sts-4.17.0.RELEASE\plugins\org.eclipse.m2e.maven.runtime_3.8.604.20221130-2149\jars\maven-artifact-3.8.6.jar
2023-01-04 22:32:40,294 [Worker-22: Launching demo-1] INFO  o.eclipse.m2e.core.internal.Bundles - 	Entry: D:\Spring\spring-tool-suite-4-4.17.0.RELEASE-e4.26.0-win32.win32.x86_64.self-extracting\contents\sts-4.17.0.RELEASE\plugins\org.eclipse.m2e.maven.runtime_3.8.604.20221130-2149\jars\maven-builder-support-3.8.6.jar
2023-01-04 22:32:40,295 [Worker-22: Launching demo-1] INFO  o.eclipse.m2e.core.internal.Bundles - 	Entry: D:\Spring\spring-tool-suite-4-4.17.0.RELEASE-e4.26.0-win32.win32.x86_64.self-extracting\contents\sts-4.17.0.RELEASE\plugins\org.eclipse.m2e.maven.runtime_3.8.604.20221130-2149\jars\maven-compat-3.8.6.jar
2023-01-04 22:32:40,295 [Worker-22: Launching demo-1] INFO  o.eclipse.m2e.core.internal.Bundles - 	Entry: D:\Spring\spring-tool-suite-4-4.17.0.RELEASE-e4.26.0-win32.win32.x86_64.self-extracting\contents\sts-4.17.0.RELEASE\plugins\org.eclipse.m2e.maven.runtime_3.8.604.20221130-2149\jars\maven-core-3.8.6.jar
2023-01-04 22:32:40,295 [Worker-22: Launching demo-1] INFO  o.eclipse.m2e.core.internal.Bundles - 	Entry: D:\Spring\spring-tool-suite-4-4.17.0.RELEASE-e4.26.0-win32.win32.x86_64.self-extracting\contents\sts-4.17.0.RELEASE\plugins\org.eclipse.m2e.maven.runtime_3.8.604.20221130-2149\jars\maven-embedder-3.8.6.jar
2023-01-04 22:32:40,295 [Worker-22: Launching demo-1] INFO  o.eclipse.m2e.core.internal.Bundles - 	Entry: D:\Spring\spring-tool-suite-4-4.17.0.RELEASE-e4.26.0-win32.win32.x86_64.self-extracting\contents\sts-4.17.0.RELEASE\plugins\org.eclipse.m2e.maven.runtime_3.8.604.20221130-2149\jars\maven-model-3.8.6.jar
2023-01-04 22:32:40,296 [Worker-22: Launching demo-1] INFO  o.eclipse.m2e.core.internal.Bundles - 	Entry: D:\Spring\spring-tool-suite-4-4.17.0.RELEASE-e4.26.0-win32.win32.x86_64.self-extracting\contents\sts-4.17.0.RELEASE\plugins\org.eclipse.m2e.maven.runtime_3.8.604.20221130-2149\jars\maven-model-builder-3.8.6.jar
2023-01-04 22:32:40,296 [Worker-22: Launching demo-1] INFO  o.eclipse.m2e.core.internal.Bundles - 	Entry: D:\Spring\spring-tool-suite-4-4.17.0.RELEASE-e4.26.0-win32.win32.x86_64.self-extracting\contents\sts-4.17.0.RELEASE\plugins\org.eclipse.m2e.maven.runtime_3.8.604.20221130-2149\jars\maven-plugin-api-3.8.6.jar
2023-01-04 22:32:40,296 [Worker-22: Launching demo-1] INFO  o.eclipse.m2e.core.internal.Bundles - 	Entry: D:\Spring\spring-tool-suite-4-4.17.0.RELEASE-e4.26.0-win32.win32.x86_64.self-extracting\contents\sts-4.17.0.RELEASE\plugins\org.eclipse.m2e.maven.runtime_3.8.604.20221130-2149\jars\maven-repository-metadata-3.8.6.jar
2023-01-04 22:32:40,296 [Worker-22: Launching demo-1] INFO  o.eclipse.m2e.core.internal.Bundles - 	Entry: D:\Spring\spring-tool-suite-4-4.17.0.RELEASE-e4.26.0-win32.win32.x86_64.self-extracting\contents\sts-4.17.0.RELEASE\plugins\org.eclipse.m2e.maven.runtime_3.8.604.20221130-2149\jars\maven-resolver-api-1.6.3.jar
2023-01-04 22:32:40,297 [Worker-22: Launching demo-1] INFO  o.eclipse.m2e.core.internal.Bundles - 	Entry: D:\Spring\spring-tool-suite-4-4.17.0.RELEASE-e4.26.0-win32.win32.x86_64.self-extracting\contents\sts-4.17.0.RELEASE\plugins\org.eclipse.m2e.maven.runtime_3.8.604.20221130-2149\jars\maven-resolver-connector-basic-1.6.3.jar
2023-01-04 22:32:40,297 [Worker-22: Launching demo-1] INFO  o.eclipse.m2e.core.internal.Bundles - 	Entry: D:\Spring\spring-tool-suite-4-4.17.0.RELEASE-e4.26.0-win32.win32.x86_64.self-extracting\contents\sts-4.17.0.RELEASE\plugins\org.eclipse.m2e.maven.runtime_3.8.604.20221130-2149\jars\maven-resolver-impl-1.6.3.jar
2023-01-04 22:32:40,297 [Worker-22: Launching demo-1] INFO  o.eclipse.m2e.core.internal.Bundles - 	Entry: D:\Spring\spring-tool-suite-4-4.17.0.RELEASE-e4.26.0-win32.win32.x86_64.self-extracting\contents\sts-4.17.0.RELEASE\plugins\org.eclipse.m2e.maven.runtime_3.8.604.20221130-2149\jars\maven-resolver-provider-3.8.6.jar
2023-01-04 22:32:40,297 [Worker-22: Launching demo-1] INFO  o.eclipse.m2e.core.internal.Bundles - 	Entry: D:\Spring\spring-tool-suite-4-4.17.0.RELEASE-e4.26.0-win32.win32.x86_64.self-extracting\contents\sts-4.17.0.RELEASE\plugins\org.eclipse.m2e.maven.runtime_3.8.604.20221130-2149\jars\maven-resolver-spi-1.6.3.jar
2023-01-04 22:32:40,298 [Worker-22: Launching demo-1] INFO  o.eclipse.m2e.core.internal.Bundles - 	Entry: D:\Spring\spring-tool-suite-4-4.17.0.RELEASE-e4.26.0-win32.win32.x86_64.self-extracting\contents\sts-4.17.0.RELEASE\plugins\org.eclipse.m2e.maven.runtime_3.8.604.20221130-2149\jars\maven-resolver-transport-wagon-1.6.3.jar
2023-01-04 22:32:40,298 [Worker-22: Launching demo-1] INFO  o.eclipse.m2e.core.internal.Bundles - 	Entry: D:\Spring\spring-tool-suite-4-4.17.0.RELEASE-e4.26.0-win32.win32.x86_64.self-extracting\contents\sts-4.17.0.RELEASE\plugins\org.eclipse.m2e.maven.runtime_3.8.604.20221130-2149\jars\maven-resolver-util-1.6.3.jar
2023-01-04 22:32:40,298 [Worker-22: Launching demo-1] INFO  o.eclipse.m2e.core.internal.Bundles - 	Entry: D:\Spring\spring-tool-suite-4-4.17.0.RELEASE-e4.26.0-win32.win32.x86_64.self-extracting\contents\sts-4.17.0.RELEASE\plugins\org.eclipse.m2e.maven.runtime_3.8.604.20221130-2149\jars\maven-settings-3.8.6.jar
2023-01-04 22:32:40,298 [Worker-22: Launching demo-1] INFO  o.eclipse.m2e.core.internal.Bundles - 	Entry: D:\Spring\spring-tool-suite-4-4.17.0.RELEASE-e4.26.0-win32.win32.x86_64.self-extracting\contents\sts-4.17.0.RELEASE\plugins\org.eclipse.m2e.maven.runtime_3.8.604.20221130-2149\jars\maven-settings-builder-3.8.6.jar
2023-01-04 22:32:40,298 [Worker-22: Launching demo-1] INFO  o.eclipse.m2e.core.internal.Bundles - 	Entry: D:\Spring\spring-tool-suite-4-4.17.0.RELEASE-e4.26.0-win32.win32.x86_64.self-extracting\contents\sts-4.17.0.RELEASE\plugins\org.eclipse.m2e.maven.runtime_3.8.604.20221130-2149\jars\maven-shared-utils-3.3.4.jar
2023-01-04 22:32:40,298 [Worker-22: Launching demo-1] INFO  o.eclipse.m2e.core.internal.Bundles - 	Entry: D:\Spring\spring-tool-suite-4-4.17.0.RELEASE-e4.26.0-win32.win32.x86_64.self-extracting\contents\sts-4.17.0.RELEASE\plugins\org.eclipse.m2e.maven.runtime_3.8.604.20221130-2149\jars\okhttp-3.14.1.jar
2023-01-04 22:32:40,299 [Worker-22: Launching demo-1] INFO  o.eclipse.m2e.core.internal.Bundles - 	Entry: D:\Spring\spring-tool-suite-4-4.17.0.RELEASE-e4.26.0-win32.win32.x86_64.self-extracting\contents\sts-4.17.0.RELEASE\plugins\org.eclipse.m2e.maven.runtime_3.8.604.20221130-2149\jars\okio-1.17.3.jar
2023-01-04 22:32:40,299 [Worker-22: Launching demo-1] INFO  o.eclipse.m2e.core.internal.Bundles - 	Entry: D:\Spring\spring-tool-suite-4-4.17.0.RELEASE-e4.26.0-win32.win32.x86_64.self-extracting\contents\sts-4.17.0.RELEASE\plugins\org.eclipse.m2e.maven.runtime_3.8.604.20221130-2149\jars\org.eclipse.sisu.inject-0.3.5.jar
2023-01-04 22:32:40,299 [Worker-22: Launching demo-1] INFO  o.eclipse.m2e.core.internal.Bundles - 	Entry: D:\Spring\spring-tool-suite-4-4.17.0.RELEASE-e4.26.0-win32.win32.x86_64.self-extracting\contents\sts-4.17.0.RELEASE\plugins\org.eclipse.m2e.maven.runtime_3.8.604.20221130-2149\jars\org.eclipse.sisu.plexus-0.3.5.jar
2023-01-04 22:32:40,299 [Worker-22: Launching demo-1] INFO  o.eclipse.m2e.core.internal.Bundles - 	Entry: D:\Spring\spring-tool-suite-4-4.17.0.RELEASE-e4.26.0-win32.win32.x86_64.self-extracting\contents\sts-4.17.0.RELEASE\plugins\org.eclipse.m2e.maven.runtime_3.8.604.20221130-2149\jars\plexus-build-api-0.0.7.jar
2023-01-04 22:32:40,299 [Worker-22: Launching demo-1] INFO  o.eclipse.m2e.core.internal.Bundles - 	Entry: D:\Spring\spring-tool-suite-4-4.17.0.RELEASE-e4.26.0-win32.win32.x86_64.self-extracting\contents\sts-4.17.0.RELEASE\plugins\org.eclipse.m2e.maven.runtime_3.8.604.20221130-2149\jars\plexus-cipher-2.0.jar
2023-01-04 22:32:40,300 [Worker-22: Launching demo-1] INFO  o.eclipse.m2e.core.internal.Bundles - 	Entry: D:\Spring\spring-tool-suite-4-4.17.0.RELEASE-e4.26.0-win32.win32.x86_64.self-extracting\contents\sts-4.17.0.RELEASE\plugins\org.eclipse.m2e.maven.runtime_3.8.604.20221130-2149\jars\plexus-classworlds-2.6.0.jar
2023-01-04 22:32:40,300 [Worker-22: Launching demo-1] INFO  o.eclipse.m2e.core.internal.Bundles - 	Entry: D:\Spring\spring-tool-suite-4-4.17.0.RELEASE-e4.26.0-win32.win32.x86_64.self-extracting\contents\sts-4.17.0.RELEASE\plugins\org.eclipse.m2e.maven.runtime_3.8.604.20221130-2149\jars\plexus-component-annotations-2.1.0.jar
2023-01-04 22:32:40,300 [Worker-22: Launching demo-1] INFO  o.eclipse.m2e.core.internal.Bundles - 	Entry: D:\Spring\spring-tool-suite-4-4.17.0.RELEASE-e4.26.0-win32.win32.x86_64.self-extracting\contents\sts-4.17.0.RELEASE\plugins\org.eclipse.m2e.maven.runtime_3.8.604.20221130-2149\jars\plexus-interpolation-1.26.jar
2023-01-04 22:32:40,300 [Worker-22: Launching demo-1] INFO  o.eclipse.m2e.core.internal.Bundles - 	Entry: D:\Spring\spring-tool-suite-4-4.17.0.RELEASE-e4.26.0-win32.win32.x86_64.self-extracting\contents\sts-4.17.0.RELEASE\plugins\org.eclipse.m2e.maven.runtime_3.8.604.20221130-2149\jars\plexus-sec-dispatcher-2.0.jar
2023-01-04 22:32:40,300 [Worker-22: Launching demo-1] INFO  o.eclipse.m2e.core.internal.Bundles - 	Entry: D:\Spring\spring-tool-suite-4-4.17.0.RELEASE-e4.26.0-win32.win32.x86_64.self-extracting\contents\sts-4.17.0.RELEASE\plugins\org.eclipse.m2e.maven.runtime_3.8.604.20221130-2149\jars\plexus-utils-3.3.1.jar
2023-01-04 22:32:40,300 [Worker-22: Launching demo-1] INFO  o.eclipse.m2e.core.internal.Bundles - 	Entry: D:\Spring\spring-tool-suite-4-4.17.0.RELEASE-e4.26.0-win32.win32.x86_64.self-extracting\contents\sts-4.17.0.RELEASE\plugins\org.eclipse.m2e.maven.runtime_3.8.604.20221130-2149\jars\wagon-file-3.5.1.jar
2023-01-04 22:32:40,301 [Worker-22: Launching demo-1] INFO  o.eclipse.m2e.core.internal.Bundles - 	Entry: D:\Spring\spring-tool-suite-4-4.17.0.RELEASE-e4.26.0-win32.win32.x86_64.self-extracting\contents\sts-4.17.0.RELEASE\plugins\org.eclipse.m2e.maven.runtime_3.8.604.20221130-2149\jars\wagon-provider-api-3.5.1.jar
2023-01-04 22:32:40,302 [Worker-22: Launching demo-1] INFO  o.eclipse.m2e.core.internal.Bundles - getClasspathEntries(Bundle=com.google.guava_30.1.0.v20221112-0806 [22])
2023-01-04 22:32:40,327 [Worker-22: Launching demo-1] INFO  o.eclipse.m2e.core.internal.Bundles - 	Entry: D:\Spring\spring-tool-suite-4-4.17.0.RELEASE-e4.26.0-win32.win32.x86_64.self-extracting\contents\sts-4.17.0.RELEASE\plugins\com.google.guava_30.1.0.v20221112-0806.jar
2023-01-04 22:32:40,327 [Worker-22: Launching demo-1] INFO  o.eclipse.m2e.core.internal.Bundles - getClasspathEntries(Bundle=slf4j.api_1.7.36 [584])
2023-01-04 22:32:40,328 [Worker-22: Launching demo-1] INFO  o.eclipse.m2e.core.internal.Bundles - 	Entry: D:\Spring\spring-tool-suite-4-4.17.0.RELEASE-e4.26.0-win32.win32.x86_64.self-extracting\contents\sts-4.17.0.RELEASE\plugins\slf4j.api_1.7.36.jar
2023-01-04 22:32:40,328 [Worker-22: Launching demo-1] INFO  o.eclipse.m2e.core.internal.Bundles - getClasspathEntries(Bundle=javax.inject_1.0.0.v20220405-0441 [49])
2023-01-04 22:32:40,329 [Worker-22: Launching demo-1] INFO  o.eclipse.m2e.core.internal.Bundles - 	Entry: D:\Spring\spring-tool-suite-4-4.17.0.RELEASE-e4.26.0-win32.win32.x86_64.self-extracting\contents\sts-4.17.0.RELEASE\plugins\javax.inject_1.0.0.v20220405-0441.jar
2023-01-04 22:32:40,330 [Worker-22: Launching demo-1] INFO  o.eclipse.m2e.core.internal.Bundles - getClasspathEntries(Bundle=javax.annotation_1.3.5.v20221112-0806 [47])
2023-01-04 22:32:40,331 [Worker-22: Launching demo-1] INFO  o.eclipse.m2e.core.internal.Bundles - 	Entry: D:\Spring\spring-tool-suite-4-4.17.0.RELEASE-e4.26.0-win32.win32.x86_64.self-extracting\contents\sts-4.17.0.RELEASE\plugins\javax.annotation_1.3.5.v20221112-0806.jar
2023-01-04 22:32:40,350 [Worker-22: Launching demo-1] INFO  o.e.m.i.launch.MavenLaunchDelegate - Run build in "D:\Spring\Self_project4\Backend_fadtare\demo-1":
2023-01-04 22:32:40,351 [Worker-22: Launching demo-1] INFO  o.e.m.i.launch.MavenLaunchDelegate -  mvn  -Ppom.xml -B -Dstyle.color=always clen install
2023-01-04 22:33:13,704 [Worker-27: Building] INFO  o.e.m.c.i.l.LifecycleMappingFactory - Using org.eclipse.m2e.jdt.JarLifecycleMapping lifecycle mapping for MavenProject: com.example:demo-1:0.0.1-SNAPSHOT @ D:\Spring\Self_project4\Backend_fadtare\demo-1\pom.xml.
2023-01-04 22:33:14,935 [Worker-27: Building] INFO  o.a.m.s.f.DefaultMavenResourcesFiltering - Copying 0 resource
2023-01-04 22:33:14,936 [Worker-27: Building] INFO  o.a.m.s.f.DefaultMavenResourcesFiltering - Copying 0 resource
2023-01-04 22:33:14,942 [Worker-27: Building] INFO  o.a.m.s.f.DefaultMavenResourcesFiltering - skip non existing resourceDirectory D:\Spring\Self_project4\Backend_fadtare\demo-1\src\test\resources
2023-01-04 22:33:16,651 [Worker-24: Building] INFO  o.a.m.s.f.DefaultMavenResourcesFiltering - Copying 1 resource
2023-01-04 22:33:16,681 [Worker-24: Building] INFO  o.a.m.s.f.DefaultMavenResourcesFiltering - Copying 0 resource
2023-01-04 22:33:16,687 [Worker-24: Building] INFO  o.a.m.s.f.DefaultMavenResourcesFiltering - skip non existing resourceDirectory D:\Spring\Self_project4\Backend_fadtare\demo-1\src\test\resources
2023-01-04 22:42:50,498 [Worker-4: Loading available Gradle versions] INFO  o.e.b.c.i.u.g.PublishedGradleVersions - Gradle version information cache is out-of-date. Trying to update.
2023-01-04 22:51:12,446 [Worker-5: Building] INFO  o.a.m.s.f.DefaultMavenResourcesFiltering - Copying 1 resource
2023-01-04 22:51:12,474 [Worker-5: Building] INFO  o.a.m.s.f.DefaultMavenResourcesFiltering - Copying 0 resource
2023-01-04 22:51:12,491 [Worker-5: Building] INFO  o.a.m.s.f.DefaultMavenResourcesFiltering - skip non existing resourceDirectory D:\Spring\Self_project4\Backend_fadtare\demo-1\src\test\resources
2023-01-04 22:53:41,877 [Worker-9: Updating Maven Project] INFO  o.e.m.c.i.p.ProjectConfigurationManager - Update started
2023-01-04 22:53:42,562 [Worker-9: Updating Maven Project] INFO  o.e.m.c.i.l.LifecycleMappingFactory - Using org.eclipse.m2e.jdt.JarLifecycleMapping lifecycle mapping for MavenProject: com.example:demo-1:0.0.1-SNAPSHOT @ D:\Spring\Self_project4\Backend_fadtare\demo-1\pom.xml.
2023-01-04 22:53:43,559 [Worker-9: Updating Maven Project] INFO  o.e.m.j.i.AbstractJavaProjectConfigurator - Adding source folder /demo-1/src/main/java
2023-01-04 22:53:43,560 [Worker-9: Updating Maven Project] INFO  o.e.m.j.i.AbstractJavaProjectConfigurator - Adding resource folder /demo-1/src/main/resources
2023-01-04 22:53:43,561 [Worker-9: Updating Maven Project] INFO  o.e.m.j.i.AbstractJavaProjectConfigurator - Adding resource folder /demo-1/src/main/resources
2023-01-04 22:53:43,563 [Worker-9: Updating Maven Project] INFO  o.e.m.j.i.AbstractJavaProjectConfigurator - Adding source folder /demo-1/src/test/java
2023-01-04 22:53:44,774 [Worker-9: Updating Maven Project] INFO  o.e.m.c.i.p.ProjectConfigurationManager - Update completed for 1 poms: local refresh takes 0.00 sec, refresh facades takes 1.00 sec, update config takes 0.00 sec 
2023-01-04 22:54:02,403 [main] INFO  o.e.m2e.actions.ExecutePomAction - Using existing launch configuration
2023-01-04 22:54:02,436 [Worker-21: Launching demo-1] INFO  o.eclipse.m2e.core.internal.Bundles - getClasspathEntries(Bundle=org.eclipse.m2e.maven.runtime_3.8.604.20221130-2149 [345])
2023-01-04 22:54:02,516 [Worker-21: Launching demo-1] INFO  o.eclipse.m2e.core.internal.Bundles - 	Entry: D:\Spring\spring-tool-suite-4-4.17.0.RELEASE-e4.26.0-win32.win32.x86_64.self-extracting\contents\sts-4.17.0.RELEASE\plugins\org.eclipse.m2e.maven.runtime_3.8.604.20221130-2149
2023-01-04 22:54:02,516 [Worker-21: Launching demo-1] INFO  o.eclipse.m2e.core.internal.Bundles - 	Entry: D:\Spring\spring-tool-suite-4-4.17.0.RELEASE-e4.26.0-win32.win32.x86_64.self-extracting\contents\sts-4.17.0.RELEASE\plugins\org.eclipse.m2e.maven.runtime_3.8.604.20221130-2149\jars\aether-connector-okhttp-0.17.8.jar
2023-01-04 22:54:02,516 [Worker-21: Launching demo-1] INFO  o.eclipse.m2e.core.internal.Bundles - 	Entry: D:\Spring\spring-tool-suite-4-4.17.0.RELEASE-e4.26.0-win32.win32.x86_64.self-extracting\contents\sts-4.17.0.RELEASE\plugins\org.eclipse.m2e.maven.runtime_3.8.604.20221130-2149\jars\commons-cli-1.4.jar
2023-01-04 22:54:02,517 [Worker-21: Launching demo-1] INFO  o.eclipse.m2e.core.internal.Bundles - 	Entry: D:\Spring\spring-tool-suite-4-4.17.0.RELEASE-e4.26.0-win32.win32.x86_64.self-extracting\contents\sts-4.17.0.RELEASE\plugins\org.eclipse.m2e.maven.runtime_3.8.604.20221130-2149\jars\commons-io-2.6.jar
2023-01-04 22:54:02,517 [Worker-21: Launching demo-1] INFO  o.eclipse.m2e.core.internal.Bundles - 	Entry: D:\Spring\spring-tool-suite-4-4.17.0.RELEASE-e4.26.0-win32.win32.x86_64.self-extracting\contents\sts-4.17.0.RELEASE\plugins\org.eclipse.m2e.maven.runtime_3.8.604.20221130-2149\jars\commons-lang3-3.8.1.jar
2023-01-04 22:54:02,518 [Worker-21: Launching demo-1] INFO  o.eclipse.m2e.core.internal.Bundles - 	Entry: D:\Spring\spring-tool-suite-4-4.17.0.RELEASE-e4.26.0-win32.win32.x86_64.self-extracting\contents\sts-4.17.0.RELEASE\plugins\org.eclipse.m2e.maven.runtime_3.8.604.20221130-2149\jars\guice-4.2.2-no_aop.jar
2023-01-04 22:54:02,519 [Worker-21: Launching demo-1] INFO  o.eclipse.m2e.core.internal.Bundles - 	Entry: D:\Spring\spring-tool-suite-4-4.17.0.RELEASE-e4.26.0-win32.win32.x86_64.self-extracting\contents\sts-4.17.0.RELEASE\plugins\org.eclipse.m2e.maven.runtime_3.8.604.20221130-2149\jars\jansi-2.4.0.jar
2023-01-04 22:54:02,519 [Worker-21: Launching demo-1] INFO  o.eclipse.m2e.core.internal.Bundles - 	Entry: D:\Spring\spring-tool-suite-4-4.17.0.RELEASE-e4.26.0-win32.win32.x86_64.self-extracting\contents\sts-4.17.0.RELEASE\plugins\org.eclipse.m2e.maven.runtime_3.8.604.20221130-2149\jars\maven-artifact-3.8.6.jar
2023-01-04 22:54:02,519 [Worker-21: Launching demo-1] INFO  o.eclipse.m2e.core.internal.Bundles - 	Entry: D:\Spring\spring-tool-suite-4-4.17.0.RELEASE-e4.26.0-win32.win32.x86_64.self-extracting\contents\sts-4.17.0.RELEASE\plugins\org.eclipse.m2e.maven.runtime_3.8.604.20221130-2149\jars\maven-builder-support-3.8.6.jar
2023-01-04 22:54:02,519 [Worker-21: Launching demo-1] INFO  o.eclipse.m2e.core.internal.Bundles - 	Entry: D:\Spring\spring-tool-suite-4-4.17.0.RELEASE-e4.26.0-win32.win32.x86_64.self-extracting\contents\sts-4.17.0.RELEASE\plugins\org.eclipse.m2e.maven.runtime_3.8.604.20221130-2149\jars\maven-compat-3.8.6.jar
2023-01-04 22:54:02,520 [Worker-21: Launching demo-1] INFO  o.eclipse.m2e.core.internal.Bundles - 	Entry: D:\Spring\spring-tool-suite-4-4.17.0.RELEASE-e4.26.0-win32.win32.x86_64.self-extracting\contents\sts-4.17.0.RELEASE\plugins\org.eclipse.m2e.maven.runtime_3.8.604.20221130-2149\jars\maven-core-3.8.6.jar
2023-01-04 22:54:02,520 [Worker-21: Launching demo-1] INFO  o.eclipse.m2e.core.internal.Bundles - 	Entry: D:\Spring\spring-tool-suite-4-4.17.0.RELEASE-e4.26.0-win32.win32.x86_64.self-extracting\contents\sts-4.17.0.RELEASE\plugins\org.eclipse.m2e.maven.runtime_3.8.604.20221130-2149\jars\maven-embedder-3.8.6.jar
2023-01-04 22:54:02,520 [Worker-21: Launching demo-1] INFO  o.eclipse.m2e.core.internal.Bundles - 	Entry: D:\Spring\spring-tool-suite-4-4.17.0.RELEASE-e4.26.0-win32.win32.x86_64.self-extracting\contents\sts-4.17.0.RELEASE\plugins\org.eclipse.m2e.maven.runtime_3.8.604.20221130-2149\jars\maven-model-3.8.6.jar
2023-01-04 22:54:02,520 [Worker-21: Launching demo-1] INFO  o.eclipse.m2e.core.internal.Bundles - 	Entry: D:\Spring\spring-tool-suite-4-4.17.0.RELEASE-e4.26.0-win32.win32.x86_64.self-extracting\contents\sts-4.17.0.RELEASE\plugins\org.eclipse.m2e.maven.runtime_3.8.604.20221130-2149\jars\maven-model-builder-3.8.6.jar
2023-01-04 22:54:02,520 [Worker-21: Launching demo-1] INFO  o.eclipse.m2e.core.internal.Bundles - 	Entry: D:\Spring\spring-tool-suite-4-4.17.0.RELEASE-e4.26.0-win32.win32.x86_64.self-extracting\contents\sts-4.17.0.RELEASE\plugins\org.eclipse.m2e.maven.runtime_3.8.604.20221130-2149\jars\maven-plugin-api-3.8.6.jar
2023-01-04 22:54:02,520 [Worker-21: Launching demo-1] INFO  o.eclipse.m2e.core.internal.Bundles - 	Entry: D:\Spring\spring-tool-suite-4-4.17.0.RELEASE-e4.26.0-win32.win32.x86_64.self-extracting\contents\sts-4.17.0.RELEASE\plugins\org.eclipse.m2e.maven.runtime_3.8.604.20221130-2149\jars\maven-repository-metadata-3.8.6.jar
2023-01-04 22:54:02,521 [Worker-21: Launching demo-1] INFO  o.eclipse.m2e.core.internal.Bundles - 	Entry: D:\Spring\spring-tool-suite-4-4.17.0.RELEASE-e4.26.0-win32.win32.x86_64.self-extracting\contents\sts-4.17.0.RELEASE\plugins\org.eclipse.m2e.maven.runtime_3.8.604.20221130-2149\jars\maven-resolver-api-1.6.3.jar
2023-01-04 22:54:02,521 [Worker-21: Launching demo-1] INFO  o.eclipse.m2e.core.internal.Bundles - 	Entry: D:\Spring\spring-tool-suite-4-4.17.0.RELEASE-e4.26.0-win32.win32.x86_64.self-extracting\contents\sts-4.17.0.RELEASE\plugins\org.eclipse.m2e.maven.runtime_3.8.604.20221130-2149\jars\maven-resolver-connector-basic-1.6.3.jar
2023-01-04 22:54:02,521 [Worker-21: Launching demo-1] INFO  o.eclipse.m2e.core.internal.Bundles - 	Entry: D:\Spring\spring-tool-suite-4-4.17.0.RELEASE-e4.26.0-win32.win32.x86_64.self-extracting\contents\sts-4.17.0.RELEASE\plugins\org.eclipse.m2e.maven.runtime_3.8.604.20221130-2149\jars\maven-resolver-impl-1.6.3.jar
2023-01-04 22:54:02,521 [Worker-21: Launching demo-1] INFO  o.eclipse.m2e.core.internal.Bundles - 	Entry: D:\Spring\spring-tool-suite-4-4.17.0.RELEASE-e4.26.0-win32.win32.x86_64.self-extracting\contents\sts-4.17.0.RELEASE\plugins\org.eclipse.m2e.maven.runtime_3.8.604.20221130-2149\jars\maven-resolver-provider-3.8.6.jar
2023-01-04 22:54:02,521 [Worker-21: Launching demo-1] INFO  o.eclipse.m2e.core.internal.Bundles - 	Entry: D:\Spring\spring-tool-suite-4-4.17.0.RELEASE-e4.26.0-win32.win32.x86_64.self-extracting\contents\sts-4.17.0.RELEASE\plugins\org.eclipse.m2e.maven.runtime_3.8.604.20221130-2149\jars\maven-resolver-spi-1.6.3.jar
2023-01-04 22:54:02,521 [Worker-21: Launching demo-1] INFO  o.eclipse.m2e.core.internal.Bundles - 	Entry: D:\Spring\spring-tool-suite-4-4.17.0.RELEASE-e4.26.0-win32.win32.x86_64.self-extracting\contents\sts-4.17.0.RELEASE\plugins\org.eclipse.m2e.maven.runtime_3.8.604.20221130-2149\jars\maven-resolver-transport-wagon-1.6.3.jar
2023-01-04 22:54:02,522 [Worker-21: Launching demo-1] INFO  o.eclipse.m2e.core.internal.Bundles - 	Entry: D:\Spring\spring-tool-suite-4-4.17.0.RELEASE-e4.26.0-win32.win32.x86_64.self-extracting\contents\sts-4.17.0.RELEASE\plugins\org.eclipse.m2e.maven.runtime_3.8.604.20221130-2149\jars\maven-resolver-util-1.6.3.jar
2023-01-04 22:54:02,522 [Worker-21: Launching demo-1] INFO  o.eclipse.m2e.core.internal.Bundles - 	Entry: D:\Spring\spring-tool-suite-4-4.17.0.RELEASE-e4.26.0-win32.win32.x86_64.self-extracting\contents\sts-4.17.0.RELEASE\plugins\org.eclipse.m2e.maven.runtime_3.8.604.20221130-2149\jars\maven-settings-3.8.6.jar
2023-01-04 22:54:02,522 [Worker-21: Launching demo-1] INFO  o.eclipse.m2e.core.internal.Bundles - 	Entry: D:\Spring\spring-tool-suite-4-4.17.0.RELEASE-e4.26.0-win32.win32.x86_64.self-extracting\contents\sts-4.17.0.RELEASE\plugins\org.eclipse.m2e.maven.runtime_3.8.604.20221130-2149\jars\maven-settings-builder-3.8.6.jar
2023-01-04 22:54:02,522 [Worker-21: Launching demo-1] INFO  o.eclipse.m2e.core.internal.Bundles - 	Entry: D:\Spring\spring-tool-suite-4-4.17.0.RELEASE-e4.26.0-win32.win32.x86_64.self-extracting\contents\sts-4.17.0.RELEASE\plugins\org.eclipse.m2e.maven.runtime_3.8.604.20221130-2149\jars\maven-shared-utils-3.3.4.jar
2023-01-04 22:54:02,522 [Worker-21: Launching demo-1] INFO  o.eclipse.m2e.core.internal.Bundles - 	Entry: D:\Spring\spring-tool-suite-4-4.17.0.RELEASE-e4.26.0-win32.win32.x86_64.self-extracting\contents\sts-4.17.0.RELEASE\plugins\org.eclipse.m2e.maven.runtime_3.8.604.20221130-2149\jars\okhttp-3.14.1.jar
2023-01-04 22:54:02,522 [Worker-21: Launching demo-1] INFO  o.eclipse.m2e.core.internal.Bundles - 	Entry: D:\Spring\spring-tool-suite-4-4.17.0.RELEASE-e4.26.0-win32.win32.x86_64.self-extracting\contents\sts-4.17.0.RELEASE\plugins\org.eclipse.m2e.maven.runtime_3.8.604.20221130-2149\jars\okio-1.17.3.jar
2023-01-04 22:54:02,523 [Worker-21: Launching demo-1] INFO  o.eclipse.m2e.core.internal.Bundles - 	Entry: D:\Spring\spring-tool-suite-4-4.17.0.RELEASE-e4.26.0-win32.win32.x86_64.self-extracting\contents\sts-4.17.0.RELEASE\plugins\org.eclipse.m2e.maven.runtime_3.8.604.20221130-2149\jars\org.eclipse.sisu.inject-0.3.5.jar
2023-01-04 22:54:02,523 [Worker-21: Launching demo-1] INFO  o.eclipse.m2e.core.internal.Bundles - 	Entry: D:\Spring\spring-tool-suite-4-4.17.0.RELEASE-e4.26.0-win32.win32.x86_64.self-extracting\contents\sts-4.17.0.RELEASE\plugins\org.eclipse.m2e.maven.runtime_3.8.604.20221130-2149\jars\org.eclipse.sisu.plexus-0.3.5.jar
2023-01-04 22:54:02,523 [Worker-21: Launching demo-1] INFO  o.eclipse.m2e.core.internal.Bundles - 	Entry: D:\Spring\spring-tool-suite-4-4.17.0.RELEASE-e4.26.0-win32.win32.x86_64.self-extracting\contents\sts-4.17.0.RELEASE\plugins\org.eclipse.m2e.maven.runtime_3.8.604.20221130-2149\jars\plexus-build-api-0.0.7.jar
2023-01-04 22:54:02,523 [Worker-21: Launching demo-1] INFO  o.eclipse.m2e.core.internal.Bundles - 	Entry: D:\Spring\spring-tool-suite-4-4.17.0.RELEASE-e4.26.0-win32.win32.x86_64.self-extracting\contents\sts-4.17.0.RELEASE\plugins\org.eclipse.m2e.maven.runtime_3.8.604.20221130-2149\jars\plexus-cipher-2.0.jar
2023-01-04 22:54:02,523 [Worker-21: Launching demo-1] INFO  o.eclipse.m2e.core.internal.Bundles - 	Entry: D:\Spring\spring-tool-suite-4-4.17.0.RELEASE-e4.26.0-win32.win32.x86_64.self-extracting\contents\sts-4.17.0.RELEASE\plugins\org.eclipse.m2e.maven.runtime_3.8.604.20221130-2149\jars\plexus-classworlds-2.6.0.jar
2023-01-04 22:54:02,523 [Worker-21: Launching demo-1] INFO  o.eclipse.m2e.core.internal.Bundles - 	Entry: D:\Spring\spring-tool-suite-4-4.17.0.RELEASE-e4.26.0-win32.win32.x86_64.self-extracting\contents\sts-4.17.0.RELEASE\plugins\org.eclipse.m2e.maven.runtime_3.8.604.20221130-2149\jars\plexus-component-annotations-2.1.0.jar
2023-01-04 22:54:02,523 [Worker-21: Launching demo-1] INFO  o.eclipse.m2e.core.internal.Bundles - 	Entry: D:\Spring\spring-tool-suite-4-4.17.0.RELEASE-e4.26.0-win32.win32.x86_64.self-extracting\contents\sts-4.17.0.RELEASE\plugins\org.eclipse.m2e.maven.runtime_3.8.604.20221130-2149\jars\plexus-interpolation-1.26.jar
2023-01-04 22:54:02,524 [Worker-21: Launching demo-1] INFO  o.eclipse.m2e.core.internal.Bundles - 	Entry: D:\Spring\spring-tool-suite-4-4.17.0.RELEASE-e4.26.0-win32.win32.x86_64.self-extracting\contents\sts-4.17.0.RELEASE\plugins\org.eclipse.m2e.maven.runtime_3.8.604.20221130-2149\jars\plexus-sec-dispatcher-2.0.jar
2023-01-04 22:54:02,524 [Worker-21: Launching demo-1] INFO  o.eclipse.m2e.core.internal.Bundles - 	Entry: D:\Spring\spring-tool-suite-4-4.17.0.RELEASE-e4.26.0-win32.win32.x86_64.self-extracting\contents\sts-4.17.0.RELEASE\plugins\org.eclipse.m2e.maven.runtime_3.8.604.20221130-2149\jars\plexus-utils-3.3.1.jar
2023-01-04 22:54:02,524 [Worker-21: Launching demo-1] INFO  o.eclipse.m2e.core.internal.Bundles - 	Entry: D:\Spring\spring-tool-suite-4-4.17.0.RELEASE-e4.26.0-win32.win32.x86_64.self-extracting\contents\sts-4.17.0.RELEASE\plugins\org.eclipse.m2e.maven.runtime_3.8.604.20221130-2149\jars\wagon-file-3.5.1.jar
2023-01-04 22:54:02,524 [Worker-21: Launching demo-1] INFO  o.eclipse.m2e.core.internal.Bundles - 	Entry: D:\Spring\spring-tool-suite-4-4.17.0.RELEASE-e4.26.0-win32.win32.x86_64.self-extracting\contents\sts-4.17.0.RELEASE\plugins\org.eclipse.m2e.maven.runtime_3.8.604.20221130-2149\jars\wagon-provider-api-3.5.1.jar
2023-01-04 22:54:02,527 [Worker-21: Launching demo-1] INFO  o.eclipse.m2e.core.internal.Bundles - getClasspathEntries(Bundle=com.google.guava_30.1.0.v20221112-0806 [22])
2023-01-04 22:54:02,529 [Worker-21: Launching demo-1] INFO  o.eclipse.m2e.core.internal.Bundles - 	Entry: D:\Spring\spring-tool-suite-4-4.17.0.RELEASE-e4.26.0-win32.win32.x86_64.self-extracting\contents\sts-4.17.0.RELEASE\plugins\com.google.guava_30.1.0.v20221112-0806.jar
2023-01-04 22:54:02,529 [Worker-21: Launching demo-1] INFO  o.eclipse.m2e.core.internal.Bundles - getClasspathEntries(Bundle=slf4j.api_1.7.36 [584])
2023-01-04 22:54:02,530 [Worker-21: Launching demo-1] INFO  o.eclipse.m2e.core.internal.Bundles - 	Entry: D:\Spring\spring-tool-suite-4-4.17.0.RELEASE-e4.26.0-win32.win32.x86_64.self-extracting\contents\sts-4.17.0.RELEASE\plugins\slf4j.api_1.7.36.jar
2023-01-04 22:54:02,530 [Worker-21: Launching demo-1] INFO  o.eclipse.m2e.core.internal.Bundles - getClasspathEntries(Bundle=javax.inject_1.0.0.v20220405-0441 [49])
2023-01-04 22:54:02,531 [Worker-21: Launching demo-1] INFO  o.eclipse.m2e.core.internal.Bundles - 	Entry: D:\Spring\spring-tool-suite-4-4.17.0.RELEASE-e4.26.0-win32.win32.x86_64.self-extracting\contents\sts-4.17.0.RELEASE\plugins\javax.inject_1.0.0.v20220405-0441.jar
2023-01-04 22:54:02,531 [Worker-21: Launching demo-1] INFO  o.eclipse.m2e.core.internal.Bundles - getClasspathEntries(Bundle=javax.annotation_1.3.5.v20221112-0806 [47])
2023-01-04 22:54:02,532 [Worker-21: Launching demo-1] INFO  o.eclipse.m2e.core.internal.Bundles - 	Entry: D:\Spring\spring-tool-suite-4-4.17.0.RELEASE-e4.26.0-win32.win32.x86_64.self-extracting\contents\sts-4.17.0.RELEASE\plugins\javax.annotation_1.3.5.v20221112-0806.jar
2023-01-04 22:54:02,536 [Worker-21: Launching demo-1] INFO  o.e.m.i.launch.MavenLaunchDelegate - Run build in "D:\Spring\Self_project4\Backend_fadtare\demo-1":
2023-01-04 22:54:02,537 [Worker-21: Launching demo-1] INFO  o.e.m.i.launch.MavenLaunchDelegate -  mvn  -Ppom.xml -B -Dstyle.color=always clen install
2023-01-04 22:54:21,991 [main] INFO  o.e.m2e.actions.ExecutePomAction - Using existing launch configuration
2023-01-04 22:54:22,161 [Worker-18: Launching demo-1] INFO  o.e.m.i.launch.MavenLaunchDelegate - Run build in "D:\Spring\Self_project4\Backend_fadtare\demo-1":
2023-01-04 22:54:22,161 [Worker-18: Launching demo-1] INFO  o.e.m.i.launch.MavenLaunchDelegate -  mvn  -Ppom.xml -B -Dstyle.color=always clen install
2023-01-04 22:54:37,451 [Worker-22: Updating Maven Project] INFO  o.e.m.c.i.p.ProjectConfigurationManager - Update started
2023-01-04 22:54:37,915 [Worker-22: Updating Maven Project] INFO  o.e.m.c.i.l.LifecycleMappingFactory - Using org.eclipse.m2e.jdt.JarLifecycleMapping lifecycle mapping for MavenProject: com.example:demo-1:0.0.1-SNAPSHOT @ D:\Spring\Self_project4\Backend_fadtare\demo-1\pom.xml.
2023-01-04 22:54:38,654 [Worker-22: Updating Maven Project] INFO  o.e.m.j.i.AbstractJavaProjectConfigurator - Adding source folder /demo-1/src/main/java
2023-01-04 22:54:38,654 [Worker-22: Updating Maven Project] INFO  o.e.m.j.i.AbstractJavaProjectConfigurator - Adding resource folder /demo-1/src/main/resources
2023-01-04 22:54:38,655 [Worker-22: Updating Maven Project] INFO  o.e.m.j.i.AbstractJavaProjectConfigurator - Adding resource folder /demo-1/src/main/resources
2023-01-04 22:54:38,656 [Worker-22: Updating Maven Project] INFO  o.e.m.j.i.AbstractJavaProjectConfigurator - Adding source folder /demo-1/src/test/java
2023-01-04 22:54:39,727 [Worker-22: Updating Maven Project] INFO  o.e.m.c.i.p.ProjectConfigurationManager - Update completed for 1 poms: local refresh takes 0.00 sec, refresh facades takes 1.00 sec, update config takes 0.00 sec 
2023-01-04 22:54:57,645 [Worker-16: Updating Maven Project] INFO  o.e.m.c.i.p.ProjectConfigurationManager - Update started
2023-01-04 22:54:57,975 [Worker-16: Updating Maven Project] INFO  o.e.m.c.i.l.LifecycleMappingFactory - Using org.eclipse.m2e.jdt.JarLifecycleMapping lifecycle mapping for MavenProject: com.example:demo-1:0.0.1-SNAPSHOT @ D:\Spring\Self_project4\Backend_fadtare\demo-1\pom.xml.
2023-01-04 22:54:58,668 [Worker-16: Updating Maven Project] INFO  o.e.m.j.i.AbstractJavaProjectConfigurator - Adding source folder /demo-1/src/main/java
2023-01-04 22:54:58,669 [Worker-16: Updating Maven Project] INFO  o.e.m.j.i.AbstractJavaProjectConfigurator - Adding resource folder /demo-1/src/main/resources
2023-01-04 22:54:58,669 [Worker-16: Updating Maven Project] INFO  o.e.m.j.i.AbstractJavaProjectConfigurator - Adding resource folder /demo-1/src/main/resources
2023-01-04 22:54:58,670 [Worker-16: Updating Maven Project] INFO  o.e.m.j.i.AbstractJavaProjectConfigurator - Adding source folder /demo-1/src/test/java
2023-01-04 22:55:00,083 [Worker-16: Updating Maven Project] INFO  o.e.m.c.i.p.ProjectConfigurationManager - Update completed for 1 poms: local refresh takes 0.00 sec, refresh facades takes 0.00 sec, update config takes 0.00 sec 
2023-01-04 22:55:08,635 [main] INFO  o.e.m2e.actions.ExecutePomAction - Using existing launch configuration
2023-01-04 22:55:08,732 [Worker-15: Launching demo-1] INFO  o.e.m.i.launch.MavenLaunchDelegate - Run build in "D:\Spring\Self_project4\Backend_fadtare\demo-1":
2023-01-04 22:55:08,732 [Worker-15: Launching demo-1] INFO  o.e.m.i.launch.MavenLaunchDelegate -  mvn  -Ppom.xml -B -Dstyle.color=always clen install
2023-01-04 22:57:37,679 [Worker-23: Updating Maven Project] INFO  o.e.m.c.i.p.ProjectConfigurationManager - Update started
2023-01-04 22:57:38,023 [Worker-23: Updating Maven Project] INFO  o.e.m.c.i.l.LifecycleMappingFactory - Using org.eclipse.m2e.jdt.JarLifecycleMapping lifecycle mapping for MavenProject: com.example:demo-1:0.0.1-SNAPSHOT @ D:\Spring\Self_project4\Backend_fadtare\demo-1\pom.xml.
2023-01-04 22:57:38,734 [Worker-23: Updating Maven Project] INFO  o.e.m.j.i.AbstractJavaProjectConfigurator - Adding source folder /demo-1/src/main/java
2023-01-04 22:57:38,735 [Worker-23: Updating Maven Project] INFO  o.e.m.j.i.AbstractJavaProjectConfigurator - Adding resource folder /demo-1/src/main/resources
2023-01-04 22:57:38,735 [Worker-23: Updating Maven Project] INFO  o.e.m.j.i.AbstractJavaProjectConfigurator - Adding resource folder /demo-1/src/main/resources
2023-01-04 22:57:38,736 [Worker-23: Updating Maven Project] INFO  o.e.m.j.i.AbstractJavaProjectConfigurator - Adding source folder /demo-1/src/test/java
2023-01-04 22:57:39,796 [Worker-23: Updating Maven Project] INFO  o.e.m.c.i.p.ProjectConfigurationManager - Update completed for 1 poms: local refresh takes 0.00 sec, refresh facades takes 1.00 sec, update config takes 0.00 sec 
2023-01-04 22:57:56,484 [main] INFO  o.e.m2e.actions.ExecutePomAction - Creating new launch configuration
2023-01-04 22:58:04,748 [Worker-11: Launching demo-1 (1)] INFO  o.e.m.i.launch.MavenLaunchDelegate - Run build in "D:\Spring\Self_project4\Backend_fadtare\demo-1":
2023-01-04 22:58:04,748 [Worker-11: Launching demo-1 (1)] INFO  o.e.m.i.launch.MavenLaunchDelegate -  mvn  -Ppom.xml -B -Dstyle.color=always clean install
2023-01-04 23:30:07,087 [Worker-37: Updating Maven Project] INFO  o.e.m.c.i.p.ProjectConfigurationManager - Update started
2023-01-04 23:30:10,871 [Worker-37: Updating Maven Project] INFO  o.e.m.c.i.l.LifecycleMappingFactory - Using org.eclipse.m2e.jdt.JarLifecycleMapping lifecycle mapping for MavenProject: com.example:demo-1:0.0.1-SNAPSHOT @ D:\Spring\Self_project4\Backend_fadtare\demo-1\pom.xml.
2023-01-04 23:30:18,076 [Worker-37: Updating Maven Project] INFO  o.e.m.j.i.AbstractJavaProjectConfigurator - Adding source folder /demo-1/src/main/java
2023-01-04 23:30:18,076 [Worker-37: Updating Maven Project] INFO  o.e.m.j.i.AbstractJavaProjectConfigurator - Adding resource folder /demo-1/src/main/resources
2023-01-04 23:30:18,076 [Worker-37: Updating Maven Project] INFO  o.e.m.j.i.AbstractJavaProjectConfigurator - Adding resource folder /demo-1/src/main/resources
2023-01-04 23:30:18,077 [Worker-37: Updating Maven Project] INFO  o.e.m.j.i.AbstractJavaProjectConfigurator - Adding source folder /demo-1/src/test/java
2023-01-04 23:30:18,908 [Worker-37: Updating Maven Project] INFO  o.e.m.c.i.p.ProjectConfigurationManager - Update completed for 1 poms: local refresh takes 0.00 sec, refresh facades takes 10.00 sec, update config takes 0.00 sec 
2023-01-04 23:31:00,679 [Worker-38: Updating Maven Project] INFO  o.e.m.c.i.p.ProjectConfigurationManager - Update started
2023-01-04 23:31:01,125 [Worker-38: Updating Maven Project] INFO  o.e.m.c.i.l.LifecycleMappingFactory - Using org.eclipse.m2e.jdt.JarLifecycleMapping lifecycle mapping for MavenProject: com.example:demo-1:0.0.1-SNAPSHOT @ D:\Spring\Self_project4\Backend_fadtare\demo-1\pom.xml.
2023-01-04 23:31:01,839 [Worker-38: Updating Maven Project] INFO  o.e.m.j.i.AbstractJavaProjectConfigurator - Adding source folder /demo-1/src/main/java
2023-01-04 23:31:01,840 [Worker-38: Updating Maven Project] INFO  o.e.m.j.i.AbstractJavaProjectConfigurator - Adding resource folder /demo-1/src/main/resources
2023-01-04 23:31:01,840 [Worker-38: Updating Maven Project] INFO  o.e.m.j.i.AbstractJavaProjectConfigurator - Adding resource folder /demo-1/src/main/resources
2023-01-04 23:31:01,840 [Worker-38: Updating Maven Project] INFO  o.e.m.j.i.AbstractJavaProjectConfigurator - Adding source folder /demo-1/src/test/java
2023-01-04 23:31:02,320 [Worker-38: Updating Maven Project] INFO  o.e.m.c.i.p.ProjectConfigurationManager - Update completed for 1 poms: local refresh takes 0.00 sec, refresh facades takes 1.00 sec, update config takes 0.00 sec 
2023-01-04 23:31:11,231 [Worker-43: Launching demo-1 (1)] INFO  o.e.m.i.launch.MavenLaunchDelegate - Run build in "D:\Spring\Self_project4\Backend_fadtare\demo-1":
2023-01-04 23:31:11,231 [Worker-43: Launching demo-1 (1)] INFO  o.e.m.i.launch.MavenLaunchDelegate -  mvn  -Ppom.xml -B -Dstyle.color=always clean install
2023-01-04 23:40:25,718 [Worker-49: Building] INFO  o.e.m.c.i.l.LifecycleMappingFactory - Using org.eclipse.m2e.jdt.JarLifecycleMapping lifecycle mapping for MavenProject: com.example:demo-1:0.0.1-SNAPSHOT @ D:\Spring\Self_project4\Backend_fadtare\demo-1\pom.xml.
2023-01-04 23:40:27,479 [Worker-49: Building] INFO  o.e.m.c.i.e.AbstractTransferListenerAdapter - Downloading https://repo.maven.apache.org/maven2/org/hibernate/validator/hibernate-validator/8.0.0.Final/hibernate-validator-8.0.0.Final.pom
2023-01-04 23:40:27,792 [Worker-49: Building] INFO  o.e.m.c.i.e.AbstractTransferListenerAdapter - Downloaded https://repo.maven.apache.org/maven2/org/hibernate/validator/hibernate-validator/8.0.0.Final/hibernate-validator-8.0.0.Final.pom
2023-01-04 23:40:28,798 [Worker-49: Building] INFO  o.e.m.c.i.e.AbstractTransferListenerAdapter - Downloading https://repo.maven.apache.org/maven2/org/apache/tomcat/embed/tomcat-embed-jasper/10.1.4/tomcat-embed-jasper-10.1.4.pom
2023-01-04 23:40:29,043 [Worker-49: Building] INFO  o.e.m.c.i.e.AbstractTransferListenerAdapter - Downloaded https://repo.maven.apache.org/maven2/org/apache/tomcat/embed/tomcat-embed-jasper/10.1.4/tomcat-embed-jasper-10.1.4.pom
2023-01-04 23:40:29,237 [Worker-49: Building] INFO  o.e.m.c.i.e.AbstractTransferListenerAdapter - Downloading https://repo.maven.apache.org/maven2/org/apache/tomcat/tomcat-annotations-api/10.1.4/tomcat-annotations-api-10.1.4.pom
2023-01-04 23:40:29,416 [Worker-49: Building] INFO  o.e.m.c.i.e.AbstractTransferListenerAdapter - Downloaded https://repo.maven.apache.org/maven2/org/apache/tomcat/tomcat-annotations-api/10.1.4/tomcat-annotations-api-10.1.4.pom
2023-01-04 23:40:29,602 [Worker-49: Building] INFO  o.e.m.c.i.e.AbstractTransferListenerAdapter - Downloading https://repo.maven.apache.org/maven2/org/springframework/spring-context-support/6.0.3/spring-context-support-6.0.3.pom
2023-01-04 23:40:29,822 [Worker-49: Building] INFO  o.e.m.c.i.e.AbstractTransferListenerAdapter - Downloaded https://repo.maven.apache.org/maven2/org/springframework/spring-context-support/6.0.3/spring-context-support-6.0.3.pom
2023-01-04 23:40:30,273 [Worker-49: Building] INFO  o.e.m.c.i.e.AbstractTransferListenerAdapter - Downloading https://repo.maven.apache.org/maven2/com/sun/activation/jakarta.activation/1.2.1/jakarta.activation-1.2.1.pom
2023-01-04 23:40:30,451 [Worker-49: Building] INFO  o.e.m.c.i.e.AbstractTransferListenerAdapter - Downloaded https://repo.maven.apache.org/maven2/com/sun/activation/jakarta.activation/1.2.1/jakarta.activation-1.2.1.pom
2023-01-04 23:40:30,999 [AetherRepositoryConnector-repo.maven.apache.org-0-1] INFO  o.e.m.c.i.e.AbstractTransferListenerAdapter - Downloading https://repo.maven.apache.org/maven2/org/hibernate/validator/hibernate-validator/8.0.0.Final/hibernate-validator-8.0.0.Final.jar
2023-01-04 23:40:31,177 [AetherRepositoryConnector-repo.maven.apache.org-0-2] INFO  o.e.m.c.i.e.AbstractTransferListenerAdapter - Downloading https://repo.maven.apache.org/maven2/jakarta/validation/jakarta.validation-api/3.0.2/jakarta.validation-api-3.0.2.jar
2023-01-04 23:40:31,177 [AetherRepositoryConnector-repo.maven.apache.org-0-0] INFO  o.e.m.c.i.e.AbstractTransferListenerAdapter - Downloading https://repo.maven.apache.org/maven2/org/springframework/boot/spring-boot-starter-validation/3.0.1/spring-boot-starter-validation-3.0.1.jar
2023-01-04 23:40:31,177 [AetherRepositoryConnector-repo.maven.apache.org-0-3] INFO  o.e.m.c.i.e.AbstractTransferListenerAdapter - Downloading https://repo.maven.apache.org/maven2/org/apache/tomcat/embed/tomcat-embed-jasper/10.1.4/tomcat-embed-jasper-10.1.4.jar
2023-01-04 23:40:31,177 [AetherRepositoryConnector-repo.maven.apache.org-0-4] INFO  o.e.m.c.i.e.AbstractTransferListenerAdapter - Downloading https://repo.maven.apache.org/maven2/org/springframework/spring-context-support/6.0.3/spring-context-support-6.0.3.jar
2023-01-04 23:40:31,863 [AetherRepositoryConnector-repo.maven.apache.org-0-0] INFO  o.e.m.c.i.e.AbstractTransferListenerAdapter - Downloaded https://repo.maven.apache.org/maven2/org/springframework/boot/spring-boot-starter-validation/3.0.1/spring-boot-starter-validation-3.0.1.jar
2023-01-04 23:40:32,689 [AetherRepositoryConnector-repo.maven.apache.org-0-0] INFO  o.e.m.c.i.e.AbstractTransferListenerAdapter - Downloading https://repo.maven.apache.org/maven2/com/sun/activation/jakarta.activation/1.2.1/jakarta.activation-1.2.1.jar
2023-01-04 23:40:32,806 [AetherRepositoryConnector-repo.maven.apache.org-0-4] INFO  o.e.m.c.i.e.AbstractTransferListenerAdapter - Downloaded https://repo.maven.apache.org/maven2/org/springframework/spring-context-support/6.0.3/spring-context-support-6.0.3.jar
2023-01-04 23:40:32,820 [AetherRepositoryConnector-repo.maven.apache.org-0-2] INFO  o.e.m.c.i.e.AbstractTransferListenerAdapter - Downloaded https://repo.maven.apache.org/maven2/jakarta/validation/jakarta.validation-api/3.0.2/jakarta.validation-api-3.0.2.jar
2023-01-04 23:40:33,199 [AetherRepositoryConnector-repo.maven.apache.org-0-0] INFO  o.e.m.c.i.e.AbstractTransferListenerAdapter - Downloaded https://repo.maven.apache.org/maven2/com/sun/activation/jakarta.activation/1.2.1/jakarta.activation-1.2.1.jar
2023-01-04 23:40:33,209 [AetherRepositoryConnector-repo.maven.apache.org-0-3] INFO  o.e.m.c.i.e.AbstractTransferListenerAdapter - Downloaded https://repo.maven.apache.org/maven2/org/apache/tomcat/embed/tomcat-embed-jasper/10.1.4/tomcat-embed-jasper-10.1.4.jar
2023-01-04 23:40:33,427 [AetherRepositoryConnector-repo.maven.apache.org-0-1] INFO  o.e.m.c.i.e.AbstractTransferListenerAdapter - Downloaded https://repo.maven.apache.org/maven2/org/hibernate/validator/hibernate-validator/8.0.0.Final/hibernate-validator-8.0.0.Final.jar
2023-01-04 23:40:36,142 [Worker-52: Download sources and javadoc] INFO  o.e.m.c.i.e.AbstractTransferListenerAdapter - Downloading https://repo.maven.apache.org/maven2/org/springframework/boot/spring-boot-starter-validation/3.0.1/spring-boot-starter-validation-3.0.1-sources.jar
2023-01-04 23:40:36,543 [Worker-52: Download sources and javadoc] INFO  o.e.m.c.i.e.AbstractTransferListenerAdapter - Downloaded https://repo.maven.apache.org/maven2/org/springframework/boot/spring-boot-starter-validation/3.0.1/spring-boot-starter-validation-3.0.1-sources.jar
2023-01-04 23:40:36,556 [Worker-52: Download sources and javadoc] INFO  o.e.m.j.internal.DownloadSourcesJob - Downloaded sources for org.springframework.boot:spring-boot-starter-validation:3.0.1
2023-01-04 23:40:37,147 [Worker-52: Download sources and javadoc] INFO  o.e.m.c.i.e.AbstractTransferListenerAdapter - Downloading https://repo.maven.apache.org/maven2/org/hibernate/validator/hibernate-validator/8.0.0.Final/hibernate-validator-8.0.0.Final-sources.jar
2023-01-04 23:40:38,896 [Worker-52: Download sources and javadoc] INFO  o.e.m.c.i.e.AbstractTransferListenerAdapter - Downloaded https://repo.maven.apache.org/maven2/org/hibernate/validator/hibernate-validator/8.0.0.Final/hibernate-validator-8.0.0.Final-sources.jar
2023-01-04 23:40:38,957 [Worker-52: Download sources and javadoc] INFO  o.e.m.j.internal.DownloadSourcesJob - Downloaded sources for org.hibernate.validator:hibernate-validator:8.0.0.Final
2023-01-04 23:40:39,584 [Worker-52: Download sources and javadoc] INFO  o.e.m.c.i.e.AbstractTransferListenerAdapter - Downloading https://repo.maven.apache.org/maven2/jakarta/validation/jakarta.validation-api/3.0.2/jakarta.validation-api-3.0.2-sources.jar
2023-01-04 23:40:40,473 [Worker-52: Download sources and javadoc] INFO  o.e.m.c.i.e.AbstractTransferListenerAdapter - Downloaded https://repo.maven.apache.org/maven2/jakarta/validation/jakarta.validation-api/3.0.2/jakarta.validation-api-3.0.2-sources.jar
2023-01-04 23:40:40,562 [Worker-52: Download sources and javadoc] INFO  o.e.m.j.internal.DownloadSourcesJob - Downloaded sources for jakarta.validation:jakarta.validation-api:3.0.2
2023-01-04 23:40:41,138 [Worker-52: Download sources and javadoc] INFO  o.e.m.c.i.e.AbstractTransferListenerAdapter - Downloading https://repo.maven.apache.org/maven2/org/apache/tomcat/embed/tomcat-embed-jasper/10.1.4/tomcat-embed-jasper-10.1.4-sources.jar
2023-01-04 23:40:41,979 [Worker-52: Download sources and javadoc] INFO  o.e.m.c.i.e.AbstractTransferListenerAdapter - Downloaded https://repo.maven.apache.org/maven2/org/apache/tomcat/embed/tomcat-embed-jasper/10.1.4/tomcat-embed-jasper-10.1.4-sources.jar
2023-01-04 23:40:42,028 [Worker-52: Download sources and javadoc] INFO  o.e.m.j.internal.DownloadSourcesJob - Downloaded sources for org.apache.tomcat.embed:tomcat-embed-jasper:10.1.4
2023-01-04 23:40:42,660 [Worker-52: Download sources and javadoc] INFO  o.e.m.c.i.e.AbstractTransferListenerAdapter - Downloading https://repo.maven.apache.org/maven2/org/springframework/boot/spring-boot-starter-mail/2.4.1/spring-boot-starter-mail-2.4.1-sources.jar
2023-01-04 23:40:43,324 [Worker-52: Download sources and javadoc] INFO  o.e.m.c.i.e.AbstractTransferListenerAdapter - Downloaded https://repo.maven.apache.org/maven2/org/springframework/boot/spring-boot-starter-mail/2.4.1/spring-boot-starter-mail-2.4.1-sources.jar
2023-01-04 23:40:43,328 [Worker-52: Download sources and javadoc] INFO  o.e.m.j.internal.DownloadSourcesJob - Downloaded sources for org.springframework.boot:spring-boot-starter-mail:2.4.1
2023-01-04 23:40:43,913 [Worker-52: Download sources and javadoc] INFO  o.e.m.c.i.e.AbstractTransferListenerAdapter - Downloading https://repo.maven.apache.org/maven2/org/springframework/spring-context-support/6.0.3/spring-context-support-6.0.3-sources.jar
2023-01-04 23:40:44,579 [Worker-52: Download sources and javadoc] INFO  o.e.m.c.i.e.AbstractTransferListenerAdapter - Downloaded https://repo.maven.apache.org/maven2/org/springframework/spring-context-support/6.0.3/spring-context-support-6.0.3-sources.jar
2023-01-04 23:40:44,616 [Worker-52: Download sources and javadoc] INFO  o.e.m.j.internal.DownloadSourcesJob - Downloaded sources for org.springframework:spring-context-support:6.0.3
2023-01-04 23:40:45,366 [Worker-52: Download sources and javadoc] INFO  o.e.m.c.i.e.AbstractTransferListenerAdapter - Downloading https://repo.maven.apache.org/maven2/com/sun/mail/jakarta.mail/1.6.5/jakarta.mail-1.6.5-sources.jar
2023-01-04 23:40:46,751 [Worker-52: Download sources and javadoc] INFO  o.e.m.c.i.e.AbstractTransferListenerAdapter - Downloaded https://repo.maven.apache.org/maven2/com/sun/mail/jakarta.mail/1.6.5/jakarta.mail-1.6.5-sources.jar
2023-01-04 23:40:46,755 [Worker-52: Download sources and javadoc] INFO  o.e.m.j.internal.DownloadSourcesJob - Downloaded sources for com.sun.mail:jakarta.mail:1.6.5
2023-01-04 23:40:47,413 [Worker-52: Download sources and javadoc] INFO  o.e.m.c.i.e.AbstractTransferListenerAdapter - Downloading https://repo.maven.apache.org/maven2/com/sun/activation/jakarta.activation/1.2.1/jakarta.activation-1.2.1-sources.jar
2023-01-04 23:40:47,987 [Worker-52: Download sources and javadoc] INFO  o.e.m.c.i.e.AbstractTransferListenerAdapter - Downloaded https://repo.maven.apache.org/maven2/com/sun/activation/jakarta.activation/1.2.1/jakarta.activation-1.2.1-sources.jar
2023-01-04 23:40:48,128 [Worker-52: Download sources and javadoc] INFO  o.e.m.j.internal.DownloadSourcesJob - Downloaded sources for com.sun.activation:jakarta.activation:1.2.1
2023-01-04 23:41:52,992 [Worker-55: Building] INFO  o.e.m.c.i.l.LifecycleMappingFactory - Using org.eclipse.m2e.jdt.JarLifecycleMapping lifecycle mapping for MavenProject: com.example:demo-1:0.0.1-SNAPSHOT @ D:\Spring\Self_project4\Backend_fadtare\demo-1\pom.xml.
2023-01-04 23:41:54,474 [Worker-55: Building] INFO  o.a.m.s.f.DefaultMavenResourcesFiltering - Copying 0 resource
2023-01-04 23:41:54,474 [Worker-55: Building] INFO  o.a.m.s.f.DefaultMavenResourcesFiltering - Copying 0 resource
2023-01-04 23:41:54,484 [Worker-55: Building] INFO  o.a.m.s.f.DefaultMavenResourcesFiltering - skip non existing resourceDirectory D:\Spring\Self_project4\Backend_fadtare\demo-1\src\test\resources
2023-01-04 23:41:57,404 [Worker-52: Building] INFO  o.a.m.s.f.DefaultMavenResourcesFiltering - Copying 1 resource
2023-01-04 23:41:57,429 [Worker-52: Building] INFO  o.a.m.s.f.DefaultMavenResourcesFiltering - Copying 0 resource
2023-01-04 23:41:57,434 [Worker-52: Building] INFO  o.a.m.s.f.DefaultMavenResourcesFiltering - skip non existing resourceDirectory D:\Spring\Self_project4\Backend_fadtare\demo-1\src\test\resources
2023-01-04 23:43:53,795 [Worker-56: Building] INFO  o.a.m.s.f.DefaultMavenResourcesFiltering - Copying 1 resource
2023-01-04 23:43:53,814 [Worker-56: Building] INFO  o.a.m.s.f.DefaultMavenResourcesFiltering - Copying 0 resource
2023-01-04 23:43:53,821 [Worker-56: Building] INFO  o.a.m.s.f.DefaultMavenResourcesFiltering - skip non existing resourceDirectory D:\Spring\Self_project4\Backend_fadtare\demo-1\src\test\resources
2023-01-04 23:44:56,524 [Worker-49: Building] INFO  o.a.m.s.f.DefaultMavenResourcesFiltering - Copying 1 resource
2023-01-04 23:44:56,542 [Worker-49: Building] INFO  o.a.m.s.f.DefaultMavenResourcesFiltering - Copying 0 resource
2023-01-04 23:44:56,547 [Worker-49: Building] INFO  o.a.m.s.f.DefaultMavenResourcesFiltering - skip non existing resourceDirectory D:\Spring\Self_project4\Backend_fadtare\demo-1\src\test\resources
2023-01-04 23:49:25,371 [Start Help Server] INFO  org.eclipse.jetty.server.Server - jetty-10.0.12; built: 2022-09-14T01:54:40.076Z; git: 408d0139887e27a57b54ed52e2d92a36731a7e88; jvm 17.0.5+8
2023-01-04 23:49:25,411 [Start Help Server] INFO  o.e.j.s.s.DefaultSessionIdManager - Session workerName=node0
2023-01-04 23:49:25,450 [Start Help Server] INFO  o.e.j.server.handler.ContextHandler - Started o.e.j.s.ServletContextHandler@2d8e8d1a{/help,null,AVAILABLE}
2023-01-04 23:49:25,539 [Start Help Server] INFO  o.e.jetty.server.AbstractConnector - Started ServerConnector@2c1bda77{HTTP/1.1, (http/1.1)}{127.0.0.1:54931}
2023-01-04 23:49:25,559 [Start Help Server] INFO  org.eclipse.jetty.server.Server - Started Server@2cc6dccb{STARTING}[10.0.12,sto=0] @4046571ms
2023-01-04 23:52:07,982 [Worker-50: Building] INFO  o.a.m.s.f.DefaultMavenResourcesFiltering - Copying 1 resource
2023-01-04 23:52:07,990 [Worker-50: Building] INFO  o.a.m.s.f.DefaultMavenResourcesFiltering - Copying 0 resource
2023-01-04 23:52:07,995 [Worker-50: Building] INFO  o.a.m.s.f.DefaultMavenResourcesFiltering - skip non existing resourceDirectory D:\Spring\Self_project4\Backend_fadtare\demo-1\src\test\resources
2023-01-04 23:52:32,011 [Stop Help Server] INFO  org.eclipse.jetty.server.Server - Stopped Server@2cc6dccb{STOPPING}[10.0.12,sto=0]
2023-01-04 23:52:32,015 [Stop Help Server] INFO  o.e.jetty.server.AbstractConnector - Stopped ServerConnector@2c1bda77{HTTP/1.1, (http/1.1)}{127.0.0.1:0}
2023-01-04 23:52:32,042 [Stop Help Server] INFO  o.e.j.server.handler.ContextHandler - Stopped o.e.j.s.ServletContextHandler@2d8e8d1a{/help,null,STOPPED}
